[==========] Running 1 test from 1 test case.
[----------] Global test environment set-up.
[----------] 1 test from SquareTest
[ RUN      ] SquareTest.PositiveNos
main.cpp:10: Failure
      Expected: 2.0
      Which is: 2
To be equal to: square (4.0)
      Which is: 16
main.cpp:11: Failure
      Expected: 3.0
      Which is: 3
To be equal to: square (9.0)
      Which is: 81
main.cpp:12: Failure
      Expected: 4
To be equal to: square (16.0)
      Which is: 256
[  FAILED  ] SquareTest.PositiveNos (1 ms)
[----------] 1 test from SquareTest (1 ms total)

[----------] Global test environment tear-down
[==========] 1 test from 1 test case ran. (2 ms total)
[  PASSED  ] 0 tests.
[  FAILED  ] 1 test, listed below:
[  FAILED  ] SquareTest.PositiveNos

 1 FAILED TEST
